# JRE version: OpenJDK Runtime Environment (11.0.6+10) (build 11.0.6+10-post-Raspbian-1deb10u1)
# Java VM: OpenJDK Server VM (11.0.6+10-post-Raspbian-1deb10u1, mixed mode, g1 gc, linux-)
Heap:
 garbage-first heap   total 237568K, used 7270K [0x94800000, 0xb3a00000)
  region size 1024K, 1 young (1024K), 1 survivors (1024K)
 Metaspace       used 12624K, capacity 12832K, committed 12952K, reserved 13616K
GC Heap History (20 events):
Event: 1297948.610 GC heap after
{Heap after GC invocations=2198159 (full 0):
 garbage-first heap   total 190464K, used 7270K [0x94800000, 0xb3a00000)
  region size 1024K, 1 young (1024K), 1 survivors (1024K)
 Metaspace       used 12624K, capacity 12832K, committed 12952K, reserved 13616K
}
Event: 1297949.744 GC heap before
{Heap before GC invocations=2198159 (full 0):
 garbage-first heap   total 190464K, used 103526K [0x94800000, 0xb3a00000)
  region size 1024K, 95 young (97280K), 1 survivors (1024K)
 Metaspace       used 12624K, capacity 12832K, committed 12952K, reserved 13616K
}
Event: 1297949.952 GC heap after
{Heap after GC invocations=2198160 (full 0):
 garbage-first heap   total 190464K, used 7270K [0x94800000, 0xb3a00000)
  region size 1024K, 1 young (1024K), 1 survivors (1024K)
 Metaspace       used 12624K, capacity 12832K, committed 12952K, reserved 13616K
}
Event: 1297951.304 GC heap before
{Heap before GC invocations=2198160 (full 0):
 garbage-first heap   total 190464K, used 119910K [0x94800000, 0xb3a00000)
  region size 1024K, 111 young (113664K), 1 survivors (1024K)
 Metaspace       used 12624K, capacity 12832K, committed 12952K, reserved 13616K
}
Event: 1297951.698 GC heap after
{Heap after GC invocations=2198161 (full 0):
 garbage-first heap   total 195584K, used 7270K [0x94800000, 0xb3a00000)
  region size 1024K, 1 young (1024K), 1 survivors (1024K)
 Metaspace       used 12624K, capacity 12832K, committed 12952K, reserved 13616K
}
Event: 1297952.989 GC heap before
{Heap before GC invocations=2198161 (full 0):
 garbage-first heap   total 195584K, used 115814K [0x94800000, 0xb3a00000)
  region size 1024K, 107 young (109568K), 1 survivors (1024K)
 Metaspace       used 12624K, capacity 12832K, committed 12952K, reserved 13616K
}
Event: 1297953.367 GC heap after
{Heap after GC invocations=2198162 (full 0):
 garbage-first heap   total 195584K, used 7270K [0x94800000, 0xb3a00000)
  region size 1024K, 1 young (1024K), 1 survivors (1024K)
 Metaspace       used 12624K, capacity 12832K, committed 12952K, reserved 13616K
}
Event: 1297957.983 GC heap before
{Heap before GC invocations=2198162 (full 0):
 garbage-first heap   total 195584K, used 118886K [0x94800000, 0xb3a00000)
  region size 1024K, 110 young (112640K), 1 survivors (1024K)
 Metaspace       used 12624K, capacity 12832K, committed 12952K, reserved 13616K
}
Event: 1298033.808 GC heap after
{Heap after GC invocations=2198163 (full 0):
 garbage-first heap   total 195584K, used 7270K [0x94800000, 0xb3a00000)
  region size 1024K, 1 young (1024K), 1 survivors (1024K)
 Metaspace       used 12624K, capacity 12832K, committed 12952K, reserved 13616K
}
Event: 1298088.635 GC heap before
{Heap before GC invocations=2198163 (full 0):
 garbage-first heap   total 195584K, used 15462K [0x94800000, 0xb3a00000)
  region size 1024K, 9 young (9216K), 1 survivors (1024K)
 Metaspace       used 12624K, capacity 12832K, committed 12952K, reserved 13616K
}
Event: 1298105.643 GC heap after
{Heap after GC invocations=2198164 (full 0):
 garbage-first heap   total 195584K, used 7270K [0x94800000, 0xb3a00000)
  region size 1024K, 1 young (1024K), 1 survivors (1024K)
 Metaspace       used 12624K, capacity 12832K, committed 12952K, reserved 13616K
}
Event: 1298105.779 GC heap before
{Heap before GC invocations=2198164 (full 0):
 garbage-first heap   total 195584K, used 15462K [0x94800000, 0xb3a00000)
  region size 1024K, 9 young (9216K), 1 survivors (1024K)
 Metaspace       used 12624K, capacity 12832K, committed 12952K, reserved 13616K
}
Event: 1298105.782 GC heap after
{Heap after GC invocations=2198165 (full 0):
 garbage-first heap   total 195584K, used 7270K [0x94800000, 0xb3a00000)
  region size 1024K, 1 young (1024K), 1 survivors (1024K)
 Metaspace       used 12624K, capacity 12832K, committed 12952K, reserved 13616K
}
Event: 1298105.868 GC heap before
{Heap before GC invocations=2198165 (full 0):
 garbage-first heap   total 195584K, used 15462K [0x94800000, 0xb3a00000)
  region size 1024K, 9 young (9216K), 1 survivors (1024K)
 Metaspace       used 12624K, capacity 12832K, committed 12952K, reserved 13616K
}
Event: 1298105.871 GC heap after
{Heap after GC invocations=2198166 (full 0):
 garbage-first heap   total 195584K, used 7270K [0x94800000, 0xb3a00000)
  region size 1024K, 1 young (1024K), 1 survivors (1024K)
 Metaspace       used 12624K, capacity 12832K, committed 12952K, reserved 13616K
}
Event: 1298105.944 GC heap before
{Heap before GC invocations=2198166 (full 0):
 garbage-first heap   total 195584K, used 15462K [0x94800000, 0xb3a00000)
  region size 1024K, 9 young (9216K), 1 survivors (1024K)
 Metaspace       used 12624K, capacity 12832K, committed 12952K, reserved 13616K
}
Event: 1298105.953 GC heap after
{Heap after GC invocations=2198167 (full 0):
 garbage-first heap   total 195584K, used 7270K [0x94800000, 0xb3a00000)
  region size 1024K, 1 young (1024K), 1 survivors (1024K)
 Metaspace       used 12624K, capacity 12832K, committed 12952K, reserved 13616K
}
Event: 1298106.511 GC heap before
{Heap before GC invocations=2198167 (full 0):
 garbage-first heap   total 195584K, used 15462K [0x94800000, 0xb3a00000)
  region size 1024K, 9 young (9216K), 1 survivors (1024K)
 Metaspace       used 12624K, capacity 12832K, committed 12952K, reserved 13616K
}
Event: 1298109.298 GC heap after
{Heap after GC invocations=2198168 (full 0):
 garbage-first heap   total 195584K, used 7270K [0x94800000, 0xb3a00000)
  region size 1024K, 1 young (1024K), 1 survivors (1024K)
 Metaspace       used 12624K, capacity 12832K, committed 12952K, reserved 13616K
}
Event: 1298163.460 GC heap before
{Heap before GC invocations=2198168 (full 0):
 garbage-first heap   total 195584K, used 15462K [0x94800000, 0xb3a00000)
  region size 1024K, 9 young (9216K), 1 survivors (1024K)
 Metaspace       used 12624K, capacity 12832K, committed 12952K, reserved 13616K
}

